<?xml version="1.0" encoding="UTF-8"?>
<!-- Generated by org.testng.reporters.JUnitReportReporter -->
<testsuite skipped="0" hostname="DESKTOP-KHDTG3P" name="Runner.RunnerClass" tests="1" failures="0" timestamp="2020-03-09T09:04:53 IST" time="51.144" errors="0">
  <testcase name="feature" time="51.144" classname="Runner.RunnerClass"/>
</testsuite> <!-- Runner.RunnerClass -->
